2020-02-23 20:12:27,017: [INFO    ] -> root : ############# Vision Started #############
2020-02-23 20:12:27,017: [INFO    ] -> root : OpenCV Version: 4.2.0
2020-02-23 20:12:27,019: [INFO    ] -> root : CSCore Version: 2020.0.0
2020-02-23 20:12:27,019: [INFO    ] -> nt : NetworkTables initialized in server mode
2020-02-23 20:12:27,020: [DEBUG   ] -> nt.th : Started thread nt-dispatch-thread-0
2020-02-23 20:12:27,021: [DEBUG   ] -> nt.th : Started thread nt-server-thread-0
2020-02-23 20:12:27,024: [DEBUG   ] -> nt : Listening on  1735
2020-02-23 20:12:27,025: [DEBUG   ] -> nt.th : Started thread entry-notifier-0
2020-02-23 20:12:27,026: [INFO    ] -> server : usb-046d_0825_C2082660-video-index0 was found in config with name "shootingCam"
2020-02-23 20:12:27,026: [INFO    ] -> server : usb-HD_Camera_Manufacturer_USB_2.0_Camera-video-index0 was found in config with name "Vision Camera"
2020-02-23 20:12:27,026: [WARNING ] -> server : usb-046d_0825_88BA4B60-video-index0(driver Camera) is not connected, but is used!
2020-02-23 20:12:27,027: [DEBUG   ] -> camera(shootingCam) : settings {}
2020-02-23 20:12:27,558: [INFO    ] -> cscore : shootingCam: Connecting to USB camera on /dev/v4l/by-id/usb-046d_0825_C2082660-video-index0
2020-02-23 20:12:27,594: [INFO    ] -> cscore : shootingCam: set format 1 res 160x120
2020-02-23 20:12:27,610: [INFO    ] -> cscore : shootingCam: Connecting to USB camera on /dev/v4l/by-id/usb-046d_0825_C2082660-video-index0
2020-02-23 20:12:29,225: [INFO    ] -> cscore : shootingCam: set format 1 res 320x240
2020-02-23 20:12:29,249: [INFO    ] -> cscore : shootingCam: set FPS to 15
2020-02-23 20:12:29,569: [DEBUG   ] -> camera(shootingCam) : Settings:
brightness 0x00980900 (int)    : min=0 max=255 step=1 default=128 value=128
                       contrast 0x00980901 (int)    : min=0 max=255 step=1 default=32 value=32
                     saturation 0x00980902 (int)    : min=0 max=255 step=1 default=32 value=32
 white_balance_temperature_auto 0x0098090c (bool)   : default=1 value=1
                           gain 0x00980913 (int)    : min=0 max=255 step=1 default=64 value=192
           power_line_frequency 0x00980918 (menu)   : min=0 max=2 default=2 value=2
				0: Disabled
				1: 50 Hz
				2: 60 Hz
      white_balance_temperature 0x0098091a (int)    : min=0 max=10000 step=10 default=4000 value=2610 flags=inactive
                      sharpness 0x0098091b (int)    : min=0 max=255 step=1 default=24 value=24
         backlight_compensation 0x0098091c (int)    : min=0 max=1 step=1 default=0 value=0
                  exposure_auto 0x009a0901 (menu)   : min=0 max=3 default=3 value=3
				1: Manual Mode
				3: Aperture Priority Mode
              exposure_absolute 0x009a0902 (int)    : min=1 max=10000 step=1 default=166 value=833 flags=inactive
         exposure_auto_priority 0x009a0903 (bool)   : default=0 value=1
2020-02-23 20:12:29,581: [INFO    ] -> camera(shootingCam) : shootingCam started with pixelFormat:PixelFormat.kMJPEG, at 320x240 15FPS
2020-02-23 20:12:29,584: [DEBUG   ] -> camera(Vision Camera) : settings {'contrast': 45, 'exposure_absolute': 10, 'exposure_auto': 1, 'exposure_auto_priority': 0, 'gain': 18, 'gamma': 85, 'white_balance_temperature': 3500, 'white_balance_temperature_auto': 0}
2020-02-23 20:12:29,587: [INFO    ] -> cscore : Vision Camera: Connecting to USB camera on /dev/v4l/by-id/usb-HD_Camera_Manufacturer_USB_2.0_Camera-video-index0
2020-02-23 20:12:29,742: [INFO    ] -> cscore : Vision Camera: set format 1 res 320x240
2020-02-23 20:12:30,609: [INFO    ] -> cscore : Vision Camera: Connecting to USB camera on /dev/v4l/by-id/usb-HD_Camera_Manufacturer_USB_2.0_Camera-video-index0
2020-02-23 20:12:30,667: [INFO    ] -> cscore : Vision Camera: set format 1 res 1280x720
2020-02-23 20:12:30,725: [INFO    ] -> cscore : Vision Camera: set FPS to 60
2020-02-23 20:12:31,074: [INFO    ] -> cscore : Vision Camera: set FPS to 30
2020-02-23 20:12:31,304: [DEBUG   ] -> camera(Vision Camera) : Settings:
brightness 0x00980900 (int)    : min=-64 max=64 step=1 default=0 value=0
                       contrast 0x00980901 (int)    : min=0 max=64 step=1 default=32 value=28
                     saturation 0x00980902 (int)    : min=0 max=128 step=1 default=60 value=60
                            hue 0x00980903 (int)    : min=-40 max=40 step=1 default=0 value=0
 white_balance_temperature_auto 0x0098090c (bool)   : default=1 value=0
                          gamma 0x00980910 (int)    : min=72 max=500 step=1 default=100 value=85
                           gain 0x00980913 (int)    : min=0 max=100 step=1 default=0 value=18
           power_line_frequency 0x00980918 (menu)   : min=0 max=2 default=1 value=2
				0: Disabled
				1: 50 Hz
				2: 60 Hz
      white_balance_temperature 0x0098091a (int)    : min=2800 max=6500 step=1 default=4600 value=3500
                      sharpness 0x0098091b (int)    : min=0 max=6 step=1 default=2 value=2
         backlight_compensation 0x0098091c (int)    : min=0 max=2 step=1 default=1 value=1
                  exposure_auto 0x009a0901 (menu)   : min=0 max=3 default=3 value=1
				1: Manual Mode
				3: Aperture Priority Mode
              exposure_absolute 0x009a0902 (int)    : min=1 max=5000 step=1 default=157 value=500
         exposure_auto_priority 0x009a0903 (bool)   : default=0 value=0
2020-02-23 20:12:31,382: [INFO    ] -> camera(Vision Camera) : Vision Camera started with pixelFormat:PixelFormat.kMJPEG, at 1280x720 30FPS
2020-02-23 20:12:31,386: [INFO    ] -> cscore.cserver : CameraServer 'serve_stream' listening on port 1181
2020-02-23 20:12:40,982: [DEBUG   ] -> camera(Vision Camera)-Thread : 150 frames in 9.598 seconds = 15.63 FPS
2020-02-23 20:12:50,596: [DEBUG   ] -> camera(Vision Camera)-Thread : 150 frames in 9.614 seconds = 15.60 FPS
2020-02-23 20:13:00,225: [DEBUG   ] -> camera(Vision Camera)-Thread : 150 frames in 9.629 seconds = 15.58 FPS
2020-02-23 20:13:09,827: [DEBUG   ] -> camera(Vision Camera)-Thread : 150 frames in 9.602 seconds = 15.62 FPS
2020-02-23 20:13:19,449: [DEBUG   ] -> camera(Vision Camera)-Thread : 150 frames in 9.622 seconds = 15.59 FPS
2020-02-23 20:13:29,053: [DEBUG   ] -> camera(Vision Camera)-Thread : 150 frames in 9.604 seconds = 15.62 FPS
2020-02-23 20:13:38,666: [DEBUG   ] -> camera(Vision Camera)-Thread : 150 frames in 9.614 seconds = 15.60 FPS
2020-02-23 20:13:48,280: [DEBUG   ] -> camera(Vision Camera)-Thread : 150 frames in 9.613 seconds = 15.60 FPS
2020-02-23 20:13:57,902: [DEBUG   ] -> camera(Vision Camera)-Thread : 150 frames in 9.622 seconds = 15.59 FPS
2020-02-23 20:14:07,508: [DEBUG   ] -> camera(Vision Camera)-Thread : 150 frames in 9.607 seconds = 15.61 FPS
2020-02-23 20:14:17,131: [DEBUG   ] -> camera(Vision Camera)-Thread : 150 frames in 9.623 seconds = 15.59 FPS
2020-02-23 20:14:26,741: [DEBUG   ] -> camera(Vision Camera)-Thread : 150 frames in 9.610 seconds = 15.61 FPS
2020-02-23 20:14:36,346: [DEBUG   ] -> camera(Vision Camera)-Thread : 150 frames in 9.605 seconds = 15.62 FPS
2020-02-23 20:14:45,965: [DEBUG   ] -> camera(Vision Camera)-Thread : 150 frames in 9.620 seconds = 15.59 FPS
2020-02-23 20:14:55,574: [DEBUG   ] -> camera(Vision Camera)-Thread : 150 frames in 9.609 seconds = 15.61 FPS
2020-02-23 20:15:05,189: [DEBUG   ] -> camera(Vision Camera)-Thread : 150 frames in 9.616 seconds = 15.60 FPS
2020-02-23 20:15:14,804: [DEBUG   ] -> camera(Vision Camera)-Thread : 150 frames in 9.615 seconds = 15.60 FPS
2020-02-23 20:15:24,418: [DEBUG   ] -> camera(Vision Camera)-Thread : 150 frames in 9.613 seconds = 15.60 FPS
2020-02-23 20:15:34,035: [DEBUG   ] -> camera(Vision Camera)-Thread : 150 frames in 9.618 seconds = 15.60 FPS
2020-02-23 20:15:43,653: [DEBUG   ] -> camera(Vision Camera)-Thread : 150 frames in 9.618 seconds = 15.60 FPS
2020-02-23 20:15:53,257: [DEBUG   ] -> camera(Vision Camera)-Thread : 150 frames in 9.604 seconds = 15.62 FPS
2020-02-23 20:16:02,871: [DEBUG   ] -> camera(Vision Camera)-Thread : 150 frames in 9.614 seconds = 15.60 FPS
2020-02-23 20:16:12,482: [DEBUG   ] -> camera(Vision Camera)-Thread : 150 frames in 9.612 seconds = 15.61 FPS
2020-02-23 20:16:22,095: [DEBUG   ] -> camera(Vision Camera)-Thread : 150 frames in 9.613 seconds = 15.60 FPS
2020-02-23 20:16:31,718: [DEBUG   ] -> camera(Vision Camera)-Thread : 150 frames in 9.623 seconds = 15.59 FPS
2020-02-23 20:16:41,328: [DEBUG   ] -> camera(Vision Camera)-Thread : 150 frames in 9.610 seconds = 15.61 FPS
2020-02-23 20:16:50,937: [DEBUG   ] -> camera(Vision Camera)-Thread : 150 frames in 9.609 seconds = 15.61 FPS
2020-02-23 20:17:00,548: [DEBUG   ] -> camera(Vision Camera)-Thread : 150 frames in 9.611 seconds = 15.61 FPS
2020-02-23 20:17:10,166: [DEBUG   ] -> camera(Vision Camera)-Thread : 150 frames in 9.617 seconds = 15.60 FPS
2020-02-23 20:17:19,792: [DEBUG   ] -> camera(Vision Camera)-Thread : 150 frames in 9.626 seconds = 15.58 FPS
2020-02-23 20:17:29,392: [DEBUG   ] -> camera(Vision Camera)-Thread : 150 frames in 9.600 seconds = 15.62 FPS
2020-02-23 20:17:39,007: [DEBUG   ] -> camera(Vision Camera)-Thread : 150 frames in 9.615 seconds = 15.60 FPS
2020-02-23 20:17:48,619: [DEBUG   ] -> camera(Vision Camera)-Thread : 150 frames in 9.612 seconds = 15.61 FPS
2020-02-23 20:17:58,232: [DEBUG   ] -> camera(Vision Camera)-Thread : 150 frames in 9.613 seconds = 15.60 FPS
2020-02-23 20:18:07,847: [DEBUG   ] -> camera(Vision Camera)-Thread : 150 frames in 9.615 seconds = 15.60 FPS
2020-02-23 20:18:17,461: [DEBUG   ] -> camera(Vision Camera)-Thread : 150 frames in 9.614 seconds = 15.60 FPS
2020-02-23 20:18:27,081: [DEBUG   ] -> camera(Vision Camera)-Thread : 150 frames in 9.620 seconds = 15.59 FPS
2020-02-23 20:18:36,685: [DEBUG   ] -> camera(Vision Camera)-Thread : 150 frames in 9.604 seconds = 15.62 FPS
2020-02-23 20:18:46,311: [DEBUG   ] -> camera(Vision Camera)-Thread : 150 frames in 9.626 seconds = 15.58 FPS
2020-02-23 20:18:55,911: [DEBUG   ] -> camera(Vision Camera)-Thread : 150 frames in 9.600 seconds = 15.62 FPS
2020-02-23 20:19:05,526: [DEBUG   ] -> camera(Vision Camera)-Thread : 150 frames in 9.615 seconds = 15.60 FPS
2020-02-23 20:19:15,143: [DEBUG   ] -> camera(Vision Camera)-Thread : 150 frames in 9.617 seconds = 15.60 FPS
2020-02-23 20:19:24,755: [DEBUG   ] -> camera(Vision Camera)-Thread : 150 frames in 9.611 seconds = 15.61 FPS
2020-02-23 20:19:34,368: [DEBUG   ] -> camera(Vision Camera)-Thread : 150 frames in 9.614 seconds = 15.60 FPS
2020-02-23 20:19:43,981: [DEBUG   ] -> camera(Vision Camera)-Thread : 150 frames in 9.613 seconds = 15.60 FPS
2020-02-23 20:19:53,595: [DEBUG   ] -> camera(Vision Camera)-Thread : 150 frames in 9.613 seconds = 15.60 FPS
2020-02-23 20:20:03,208: [DEBUG   ] -> camera(Vision Camera)-Thread : 150 frames in 9.613 seconds = 15.60 FPS
2020-02-23 20:20:12,823: [DEBUG   ] -> camera(Vision Camera)-Thread : 150 frames in 9.615 seconds = 15.60 FPS
2020-02-23 20:20:22,436: [DEBUG   ] -> camera(Vision Camera)-Thread : 150 frames in 9.613 seconds = 15.60 FPS
2020-02-23 20:20:32,049: [DEBUG   ] -> camera(Vision Camera)-Thread : 150 frames in 9.613 seconds = 15.60 FPS
2020-02-23 20:20:41,663: [DEBUG   ] -> camera(Vision Camera)-Thread : 150 frames in 9.614 seconds = 15.60 FPS
2020-02-23 20:20:51,287: [DEBUG   ] -> camera(Vision Camera)-Thread : 150 frames in 9.624 seconds = 15.59 FPS
2020-02-23 20:21:00,887: [DEBUG   ] -> camera(Vision Camera)-Thread : 150 frames in 9.601 seconds = 15.62 FPS
2020-02-23 20:21:10,513: [DEBUG   ] -> camera(Vision Camera)-Thread : 150 frames in 9.625 seconds = 15.58 FPS
2020-02-23 20:21:20,123: [DEBUG   ] -> camera(Vision Camera)-Thread : 150 frames in 9.611 seconds = 15.61 FPS
2020-02-23 20:21:29,743: [DEBUG   ] -> camera(Vision Camera)-Thread : 150 frames in 9.620 seconds = 15.59 FPS
2020-02-23 20:21:39,344: [DEBUG   ] -> camera(Vision Camera)-Thread : 150 frames in 9.601 seconds = 15.62 FPS
2020-02-23 20:21:48,957: [DEBUG   ] -> camera(Vision Camera)-Thread : 150 frames in 9.613 seconds = 15.60 FPS
2020-02-23 20:21:58,570: [DEBUG   ] -> camera(Vision Camera)-Thread : 150 frames in 9.613 seconds = 15.60 FPS
2020-02-23 20:22:08,185: [DEBUG   ] -> camera(Vision Camera)-Thread : 150 frames in 9.615 seconds = 15.60 FPS
2020-02-23 20:22:17,797: [DEBUG   ] -> camera(Vision Camera)-Thread : 150 frames in 9.612 seconds = 15.61 FPS
2020-02-23 20:22:27,416: [DEBUG   ] -> camera(Vision Camera)-Thread : 150 frames in 9.619 seconds = 15.59 FPS
2020-02-23 20:22:37,033: [DEBUG   ] -> camera(Vision Camera)-Thread : 150 frames in 9.617 seconds = 15.60 FPS
2020-02-23 20:22:46,645: [DEBUG   ] -> camera(Vision Camera)-Thread : 150 frames in 9.612 seconds = 15.61 FPS
2020-02-23 20:22:56,267: [DEBUG   ] -> camera(Vision Camera)-Thread : 150 frames in 9.622 seconds = 15.59 FPS
2020-02-23 20:23:05,863: [DEBUG   ] -> camera(Vision Camera)-Thread : 150 frames in 9.596 seconds = 15.63 FPS
2020-02-23 20:23:15,479: [DEBUG   ] -> camera(Vision Camera)-Thread : 150 frames in 9.616 seconds = 15.60 FPS
2020-02-23 20:23:25,093: [DEBUG   ] -> camera(Vision Camera)-Thread : 150 frames in 9.614 seconds = 15.60 FPS
2020-02-23 20:23:34,708: [DEBUG   ] -> camera(Vision Camera)-Thread : 150 frames in 9.615 seconds = 15.60 FPS
2020-02-23 20:23:44,333: [DEBUG   ] -> camera(Vision Camera)-Thread : 150 frames in 9.624 seconds = 15.59 FPS
2020-02-23 20:23:53,933: [DEBUG   ] -> camera(Vision Camera)-Thread : 150 frames in 9.600 seconds = 15.62 FPS
2020-02-23 20:24:03,546: [DEBUG   ] -> camera(Vision Camera)-Thread : 150 frames in 9.613 seconds = 15.60 FPS
2020-02-23 20:24:13,165: [DEBUG   ] -> camera(Vision Camera)-Thread : 150 frames in 9.619 seconds = 15.59 FPS
2020-02-23 20:24:22,779: [DEBUG   ] -> camera(Vision Camera)-Thread : 150 frames in 9.614 seconds = 15.60 FPS
2020-02-23 20:24:32,392: [DEBUG   ] -> camera(Vision Camera)-Thread : 150 frames in 9.613 seconds = 15.60 FPS
2020-02-23 20:24:41,999: [DEBUG   ] -> camera(Vision Camera)-Thread : 150 frames in 9.607 seconds = 15.61 FPS
2020-02-23 20:24:51,619: [DEBUG   ] -> camera(Vision Camera)-Thread : 150 frames in 9.620 seconds = 15.59 FPS
2020-02-23 20:25:01,232: [DEBUG   ] -> camera(Vision Camera)-Thread : 150 frames in 9.613 seconds = 15.60 FPS
2020-02-23 20:25:10,848: [DEBUG   ] -> camera(Vision Camera)-Thread : 150 frames in 9.615 seconds = 15.60 FPS
2020-02-23 20:25:20,458: [DEBUG   ] -> camera(Vision Camera)-Thread : 150 frames in 9.610 seconds = 15.61 FPS
2020-02-23 20:25:30,069: [DEBUG   ] -> camera(Vision Camera)-Thread : 150 frames in 9.611 seconds = 15.61 FPS
2020-02-23 20:25:39,682: [DEBUG   ] -> camera(Vision Camera)-Thread : 150 frames in 9.613 seconds = 15.60 FPS
2020-02-23 20:25:49,305: [DEBUG   ] -> camera(Vision Camera)-Thread : 150 frames in 9.623 seconds = 15.59 FPS
2020-02-23 20:25:58,915: [DEBUG   ] -> camera(Vision Camera)-Thread : 150 frames in 9.610 seconds = 15.61 FPS
2020-02-23 20:26:08,522: [DEBUG   ] -> camera(Vision Camera)-Thread : 150 frames in 9.607 seconds = 15.61 FPS
2020-02-23 20:26:18,146: [DEBUG   ] -> camera(Vision Camera)-Thread : 150 frames in 9.624 seconds = 15.59 FPS
2020-02-23 20:26:27,757: [DEBUG   ] -> camera(Vision Camera)-Thread : 150 frames in 9.611 seconds = 15.61 FPS
2020-02-23 20:26:37,362: [DEBUG   ] -> camera(Vision Camera)-Thread : 150 frames in 9.604 seconds = 15.62 FPS
2020-02-23 20:26:46,987: [DEBUG   ] -> camera(Vision Camera)-Thread : 150 frames in 9.625 seconds = 15.58 FPS
2020-02-23 20:26:56,588: [DEBUG   ] -> camera(Vision Camera)-Thread : 150 frames in 9.601 seconds = 15.62 FPS
2020-02-23 20:27:06,210: [DEBUG   ] -> camera(Vision Camera)-Thread : 150 frames in 9.622 seconds = 15.59 FPS
2020-02-23 20:27:15,816: [DEBUG   ] -> camera(Vision Camera)-Thread : 150 frames in 9.605 seconds = 15.62 FPS
2020-02-23 20:27:25,429: [DEBUG   ] -> camera(Vision Camera)-Thread : 150 frames in 9.614 seconds = 15.60 FPS
2020-02-23 20:27:35,054: [DEBUG   ] -> camera(Vision Camera)-Thread : 150 frames in 9.625 seconds = 15.59 FPS
2020-02-23 20:27:44,671: [DEBUG   ] -> camera(Vision Camera)-Thread : 150 frames in 9.617 seconds = 15.60 FPS
2020-02-23 20:27:54,271: [DEBUG   ] -> camera(Vision Camera)-Thread : 150 frames in 9.600 seconds = 15.62 FPS
2020-02-23 20:28:03,885: [DEBUG   ] -> camera(Vision Camera)-Thread : 150 frames in 9.614 seconds = 15.60 FPS
2020-02-23 20:28:13,498: [DEBUG   ] -> camera(Vision Camera)-Thread : 150 frames in 9.613 seconds = 15.60 FPS
2020-02-23 20:28:23,120: [DEBUG   ] -> camera(Vision Camera)-Thread : 150 frames in 9.622 seconds = 15.59 FPS
2020-02-23 20:28:32,733: [DEBUG   ] -> camera(Vision Camera)-Thread : 150 frames in 9.614 seconds = 15.60 FPS
2020-02-23 20:28:42,342: [DEBUG   ] -> camera(Vision Camera)-Thread : 150 frames in 9.609 seconds = 15.61 FPS
2020-02-23 20:28:51,952: [DEBUG   ] -> camera(Vision Camera)-Thread : 150 frames in 9.611 seconds = 15.61 FPS
2020-02-23 20:29:01,564: [DEBUG   ] -> camera(Vision Camera)-Thread : 150 frames in 9.611 seconds = 15.61 FPS
2020-02-23 20:29:11,179: [DEBUG   ] -> camera(Vision Camera)-Thread : 150 frames in 9.615 seconds = 15.60 FPS
2020-02-23 20:29:20,792: [DEBUG   ] -> camera(Vision Camera)-Thread : 150 frames in 9.613 seconds = 15.60 FPS
2020-02-23 20:29:30,405: [DEBUG   ] -> camera(Vision Camera)-Thread : 150 frames in 9.614 seconds = 15.60 FPS
2020-02-23 20:29:40,020: [DEBUG   ] -> camera(Vision Camera)-Thread : 150 frames in 9.615 seconds = 15.60 FPS
2020-02-23 20:29:49,634: [DEBUG   ] -> camera(Vision Camera)-Thread : 150 frames in 9.613 seconds = 15.60 FPS
2020-02-23 20:29:59,247: [DEBUG   ] -> camera(Vision Camera)-Thread : 150 frames in 9.614 seconds = 15.60 FPS
2020-02-23 20:30:08,861: [DEBUG   ] -> camera(Vision Camera)-Thread : 150 frames in 9.614 seconds = 15.60 FPS
2020-02-23 20:30:18,474: [DEBUG   ] -> camera(Vision Camera)-Thread : 150 frames in 9.613 seconds = 15.60 FPS
2020-02-23 20:30:28,087: [DEBUG   ] -> camera(Vision Camera)-Thread : 150 frames in 9.613 seconds = 15.60 FPS
2020-02-23 20:30:37,701: [DEBUG   ] -> camera(Vision Camera)-Thread : 150 frames in 9.614 seconds = 15.60 FPS
2020-02-23 20:30:47,323: [DEBUG   ] -> camera(Vision Camera)-Thread : 150 frames in 9.621 seconds = 15.59 FPS
2020-02-23 20:30:56,933: [DEBUG   ] -> camera(Vision Camera)-Thread : 150 frames in 9.610 seconds = 15.61 FPS
2020-02-23 20:31:06,539: [DEBUG   ] -> camera(Vision Camera)-Thread : 150 frames in 9.606 seconds = 15.61 FPS
2020-02-23 20:31:16,153: [DEBUG   ] -> camera(Vision Camera)-Thread : 150 frames in 9.613 seconds = 15.60 FPS
2020-02-23 20:31:25,768: [DEBUG   ] -> camera(Vision Camera)-Thread : 150 frames in 9.615 seconds = 15.60 FPS
2020-02-23 20:31:35,381: [DEBUG   ] -> camera(Vision Camera)-Thread : 150 frames in 9.613 seconds = 15.60 FPS
2020-02-23 20:31:44,994: [DEBUG   ] -> camera(Vision Camera)-Thread : 150 frames in 9.614 seconds = 15.60 FPS
2020-02-23 20:31:54,619: [DEBUG   ] -> camera(Vision Camera)-Thread : 150 frames in 9.625 seconds = 15.58 FPS
2020-02-23 20:32:04,225: [DEBUG   ] -> camera(Vision Camera)-Thread : 150 frames in 9.605 seconds = 15.62 FPS
2020-02-23 20:32:13,846: [DEBUG   ] -> camera(Vision Camera)-Thread : 150 frames in 9.621 seconds = 15.59 FPS
2020-02-23 20:32:23,450: [DEBUG   ] -> camera(Vision Camera)-Thread : 150 frames in 9.604 seconds = 15.62 FPS
2020-02-23 20:32:33,069: [DEBUG   ] -> camera(Vision Camera)-Thread : 150 frames in 9.619 seconds = 15.59 FPS
2020-02-23 20:32:42,677: [DEBUG   ] -> camera(Vision Camera)-Thread : 150 frames in 9.608 seconds = 15.61 FPS
2020-02-23 20:32:52,301: [DEBUG   ] -> camera(Vision Camera)-Thread : 150 frames in 9.624 seconds = 15.59 FPS
2020-02-23 20:33:01,910: [DEBUG   ] -> camera(Vision Camera)-Thread : 150 frames in 9.609 seconds = 15.61 FPS
2020-02-23 20:33:11,517: [DEBUG   ] -> camera(Vision Camera)-Thread : 150 frames in 9.608 seconds = 15.61 FPS
2020-02-23 20:33:21,141: [DEBUG   ] -> camera(Vision Camera)-Thread : 150 frames in 9.624 seconds = 15.59 FPS
2020-02-23 20:33:30,743: [DEBUG   ] -> camera(Vision Camera)-Thread : 150 frames in 9.602 seconds = 15.62 FPS
2020-02-23 20:33:40,355: [DEBUG   ] -> camera(Vision Camera)-Thread : 150 frames in 9.612 seconds = 15.61 FPS
2020-02-23 20:33:49,968: [DEBUG   ] -> camera(Vision Camera)-Thread : 150 frames in 9.613 seconds = 15.60 FPS
2020-02-23 20:33:59,599: [DEBUG   ] -> camera(Vision Camera)-Thread : 150 frames in 9.631 seconds = 15.58 FPS
2020-02-23 20:34:09,199: [DEBUG   ] -> camera(Vision Camera)-Thread : 150 frames in 9.600 seconds = 15.62 FPS
2020-02-23 20:34:18,813: [DEBUG   ] -> camera(Vision Camera)-Thread : 150 frames in 9.614 seconds = 15.60 FPS
2020-02-23 20:34:28,427: [DEBUG   ] -> camera(Vision Camera)-Thread : 150 frames in 9.614 seconds = 15.60 FPS
2020-02-23 20:34:29,868: [ERROR   ] -> root : Uncaught exception:
Traceback (most recent call last):
  File "visionserver.py", line 209, in <module>
  File "visionserver.py", line 165, in run
KeyboardInterrupt
